<?xml version="1.0" encoding="UTF-8"?>
<!-- Generated by org.testng.reporters.JUnitReportReporter -->
<testsuite skipped="0" hostname="SELENIUM" name="com.durgasoft.selenium.excel.MapWithDataProvider" tests="4" failures="0" timestamp="26 Jul 2018 04:52:00 GMT" time="0.051" errors="0">
  <testcase name="test" time="0.005" classname="com.durgasoft.selenium.excel.MapWithDataProvider"/>
  <testcase name="test" time="0.036" classname="com.durgasoft.selenium.excel.MapWithDataProvider"/>
  <testcase name="test" time="0.004" classname="com.durgasoft.selenium.excel.MapWithDataProvider"/>
  <testcase name="test" time="0.006" classname="com.durgasoft.selenium.excel.MapWithDataProvider"/>
</testsuite> <!-- com.durgasoft.selenium.excel.MapWithDataProvider -->
