<?xml version="1.0" encoding="UTF-8"?>
<!-- Generated by org.testng.reporters.JUnitReportReporter -->
<testsuite skipped="0" hostname="HEMA" name="com.durgasoft.selenium.Selenium_Maven.SwitchToWindows" tests="1" failures="0" timestamp="04 Jul 2018 05:45:06 GMT" time="6.492" errors="0">
  <testcase name="verifyPopUp" time="6.492" classname="com.durgasoft.selenium.Selenium_Maven.SwitchToWindows"/>
</testsuite> <!-- com.durgasoft.selenium.Selenium_Maven.SwitchToWindows -->
