<?xml version="1.0" encoding="UTF-8"?>
<!-- Generated by org.testng.reporters.JUnitReportReporter -->
<testsuite skipped="0" hostname="HEMA" name="com.durgasoft.selenium.Selenium_Maven.LinkTest3" tests="1" failures="0" timestamp="25 Jun 2018 05:09:06 GMT" time="105.542" errors="0">
  <testcase name="f" time="105.542" classname="com.durgasoft.selenium.Selenium_Maven.LinkTest3"/>
</testsuite> <!-- com.durgasoft.selenium.Selenium_Maven.LinkTest3 -->
