<?xml version="1.0" encoding="UTF-8"?>
<!-- Generated by org.testng.reporters.JUnitReportReporter -->
<testsuite skipped="0" hostname="HEMA" name="com.durgasoft.selenium.Selenium_Maven.BootStrapAlertsInRedBus" tests="1" failures="0" timestamp="02 Jul 2018 04:59:05 GMT" time="36.500" errors="0">
  <testcase name="f" time="36.500" classname="com.durgasoft.selenium.Selenium_Maven.BootStrapAlertsInRedBus"/>
</testsuite> <!-- com.durgasoft.selenium.Selenium_Maven.BootStrapAlertsInRedBus -->
