<?xml version="1.0" encoding="UTF-8"?>
<!-- Generated by org.testng.reporters.JUnitReportReporter -->
<testsuite skipped="0" hostname="HEMA" name="com.durgasoft.selenium.Selenium_Maven.PrintAllRadioButtonProperties" tests="1" failures="0" timestamp="29 Jun 2018 05:09:05 GMT" time="56.818" errors="0">
  <testcase name="Test01" time="56.818" classname="com.durgasoft.selenium.Selenium_Maven.PrintAllRadioButtonProperties"/>
</testsuite> <!-- com.durgasoft.selenium.Selenium_Maven.PrintAllRadioButtonProperties -->
