<?xml version="1.0" encoding="UTF-8"?>
<!-- Generated by org.testng.reporters.JUnitReportReporter -->
<testsuite skipped="0" hostname="HEMA" name="com.durgasoft.selenium.Selenium_Maven.VerifyAlertsInHMS" tests="4" failures="0" timestamp="29 Jun 2018 05:38:55 GMT" time="19.871" errors="0">
  <testcase name="verifyLogin" time="6.061" classname="com.durgasoft.selenium.Selenium_Maven.VerifyAlertsInHMS"/>
  <testcase name="verifyRegistration" time="4.055" classname="com.durgasoft.selenium.Selenium_Maven.VerifyAlertsInHMS"/>
  <testcase name="verifyPR" time="9.651" classname="com.durgasoft.selenium.Selenium_Maven.VerifyAlertsInHMS"/>
  <testcase name="verifyAlerts" time="0.104" classname="com.durgasoft.selenium.Selenium_Maven.VerifyAlertsInHMS"/>
</testsuite> <!-- com.durgasoft.selenium.Selenium_Maven.VerifyAlertsInHMS -->
