<?xml version="1.0" encoding="UTF-8"?>
<!-- Generated by org.testng.reporters.JUnitReportReporter -->
<testsuite skipped="0" hostname="SELENIUM" name="com.durgasoft.selenium.excel.HMS_Login_ExcelAPI" tests="1" failures="0" timestamp="23 Jul 2018 05:39:15 GMT" time="20.139" errors="0">
  <testcase name="f" time="20.139" classname="com.durgasoft.selenium.excel.HMS_Login_ExcelAPI"/>
</testsuite> <!-- com.durgasoft.selenium.excel.HMS_Login_ExcelAPI -->
