<?xml version="1.0" encoding="UTF-8"?>
<!-- Generated by org.testng.reporters.JUnitReportReporter -->
<testsuite skipped="0" hostname="HEMA" name="com.durgasoft.selenium.Selenium_Maven.LinkTest2" tests="1" failures="0" timestamp="25 Jun 2018 05:02:23 GMT" time="8.007" errors="0">
  <testcase name="f" time="8.007" classname="com.durgasoft.selenium.Selenium_Maven.LinkTest2"/>
</testsuite> <!-- com.durgasoft.selenium.Selenium_Maven.LinkTest2 -->
