<?xml version="1.0" encoding="UTF-8"?>
<!-- Generated by org.testng.reporters.JUnitReportReporter -->
<testsuite skipped="1" hostname="HEMA" name="com.durgasoft.selenium.Selenium_Maven.DropDown2" tests="2" failures="0" timestamp="27 Jun 2018 05:00:04 GMT" time="20.595" errors="0">
  <testcase name="amazonDropDown2" time="20.595" classname="com.durgasoft.selenium.Selenium_Maven.DropDown2"/>
  <testcase name="amazonDropDown1" classname="com.durgasoft.selenium.Selenium_Maven.DropDown2">
    <skipped/>
  </testcase> <!-- amazonDropDown1 -->
</testsuite> <!-- com.durgasoft.selenium.Selenium_Maven.DropDown2 -->
