<?xml version="1.0" encoding="UTF-8"?>
<!-- Generated by org.testng.reporters.JUnitReportReporter -->
<testsuite skipped="0" hostname="SELENIUM" name="com.durgasoft.selenium.Selenium_Maven.BynamicWebTable" tests="1" failures="0" timestamp="10 Jul 2018 06:46:50 GMT" time="152.230" errors="0">
  <testcase name="f" time="152.230" classname="com.durgasoft.selenium.Selenium_Maven.BynamicWebTable"/>
</testsuite> <!-- com.durgasoft.selenium.Selenium_Maven.BynamicWebTable -->
