<?xml version="1.0" encoding="UTF-8"?>
<!-- Generated by org.testng.reporters.JUnitReportReporter -->
<testsuite skipped="0" hostname="SELENIUM" name="com.durgasoft.selenium.excel.WriteDataToExcelByIndex" tests="1" failures="0" timestamp="19 Jul 2018 05:13:31 GMT" time="1.100" errors="0">
  <testcase name="f" time="1.100" classname="com.durgasoft.selenium.excel.WriteDataToExcelByIndex"/>
</testsuite> <!-- com.durgasoft.selenium.excel.WriteDataToExcelByIndex -->
