<?xml version="1.0" encoding="UTF-8"?>
<!-- Generated by org.testng.reporters.JUnitReportReporter -->
<testsuite skipped="0" hostname="HEMA" name="com.durgasoft.selenium.Selenium_Maven.BootStrapDropDownBBC" tests="1" failures="0" timestamp="27 Jun 2018 05:21:07 GMT" time="3.571" errors="0">
  <testcase name="f" time="3.571" classname="com.durgasoft.selenium.Selenium_Maven.BootStrapDropDownBBC"/>
</testsuite> <!-- com.durgasoft.selenium.Selenium_Maven.BootStrapDropDownBBC -->
