<?xml version="1.0" encoding="UTF-8"?>
<!-- Generated by org.testng.reporters.JUnitReportReporter -->
<testsuite skipped="0" hostname="HEMA" name="com.durgasoft.selenium.Selenium_Maven.JavaScripExecuter" tests="1" failures="0" timestamp="06 Jul 2018 06:10:29 GMT" time="0.735" errors="0">
  <testcase name="f" time="0.735" classname="com.durgasoft.selenium.Selenium_Maven.JavaScripExecuter"/>
</testsuite> <!-- com.durgasoft.selenium.Selenium_Maven.JavaScripExecuter -->
