<?xml version="1.0" encoding="UTF-8"?>
<!-- Generated by org.testng.reporters.JUnitReportReporter -->
<testsuite skipped="0" hostname="SELENIUM" name="com.durgasoft.selenium.excel.ReadExcelDataDriverClass" tests="1" failures="0" timestamp="23 Jul 2018 05:28:35 GMT" time="0.989" errors="0">
  <testcase name="f" time="0.989" classname="com.durgasoft.selenium.excel.ReadExcelDataDriverClass"/>
</testsuite> <!-- com.durgasoft.selenium.excel.ReadExcelDataDriverClass -->
