<?xml version="1.0" encoding="UTF-8"?>
<!-- Generated by org.testng.reporters.JUnitReportReporter -->
<testsuite skipped="0" hostname="HEMA" name="com.testng.ecommerce.hybrid.TC001_HMS" tests="1" failures="0" timestamp="25 Jun 2018 06:23:47 GMT" time="4.342" errors="0">
  <testcase name="TC001" time="4.342" classname="com.testng.ecommerce.hybrid.TC001_HMS"/>
</testsuite> <!-- com.testng.ecommerce.hybrid.TC001_HMS -->
