<?xml version="1.0" encoding="UTF-8"?>
<!-- Generated by org.testng.reporters.JUnitReportReporter -->
<testsuite skipped="0" hostname="SELENIUM" name="com.durgasoft.selenium.excel.ReadDataFromExcelFile" tests="1" failures="0" timestamp="17 Jul 2018 04:52:34 GMT" time="1.004" errors="0">
  <testcase name="f" time="1.004" classname="com.durgasoft.selenium.excel.ReadDataFromExcelFile"/>
</testsuite> <!-- com.durgasoft.selenium.excel.ReadDataFromExcelFile -->
