<?xml version="1.0" encoding="UTF-8"?>
<!-- Generated by org.testng.reporters.JUnitReportReporter -->
<testsuite skipped="0" hostname="HEMA" name="com.durgasoft.selenium.Selenium_Maven.BootStrapDropDownInJquery" tests="1" failures="0" timestamp="27 Jun 2018 05:48:39 GMT" time="3.812" errors="0">
  <testcase name="f" time="3.812" classname="com.durgasoft.selenium.Selenium_Maven.BootStrapDropDownInJquery"/>
</testsuite> <!-- com.durgasoft.selenium.Selenium_Maven.BootStrapDropDownInJquery -->
