<?xml version="1.0" encoding="UTF-8"?>
<!-- Generated by org.testng.reporters.JUnitReportReporter -->
<testsuite skipped="0" hostname="SELENIUM" name="com.durgasoft.selenium.Selenium_Maven.DynamicWebCalender" tests="1" failures="0" timestamp="16 Jul 2018 04:49:00 GMT" time="23.247" errors="0">
  <testcase name="f" time="23.247" classname="com.durgasoft.selenium.Selenium_Maven.DynamicWebCalender"/>
</testsuite> <!-- com.durgasoft.selenium.Selenium_Maven.DynamicWebCalender -->
