<?xml version="1.0" encoding="UTF-8"?>
<!-- Generated by org.testng.reporters.JUnitReportReporter -->
<testsuite skipped="0" hostname="SELENIUM" name="com.durgasoft.selenium.excel.WriteExcelDataByColName" tests="1" failures="0" timestamp="19 Jul 2018 06:00:04 GMT" time="1.062" errors="0">
  <testcase name="f" time="1.062" classname="com.durgasoft.selenium.excel.WriteExcelDataByColName"/>
</testsuite> <!-- com.durgasoft.selenium.excel.WriteExcelDataByColName -->
