<?xml version="1.0" encoding="UTF-8"?>
<!-- Generated by org.testng.reporters.JUnitReportReporter -->
<testsuite skipped="0" hostname="HEMA" name="com.durgasoft.selenium.Selenium_Maven.DropDown1" tests="1" failures="0" timestamp="26 Jun 2018 05:19:03 GMT" time="3.766" errors="0">
  <testcase name="f" time="3.766" classname="com.durgasoft.selenium.Selenium_Maven.DropDown1"/>
</testsuite> <!-- com.durgasoft.selenium.Selenium_Maven.DropDown1 -->
