<?xml version="1.0" encoding="UTF-8"?>
<!-- Generated by org.testng.reporters.JUnitReportReporter -->
<testsuite skipped="4" hostname="SELENIUM" name="com.durgasoft.selenium.Selenium_Maven.ActionsMouseOperations" tests="5" failures="0" timestamp="10 Jul 2018 05:52:00 GMT" time="3.454" errors="0">
  <testcase name="browserSlider" time="3.454" classname="com.durgasoft.selenium.Selenium_Maven.ActionsMouseOperations"/>
  <testcase name="rightCLickMethod" classname="com.durgasoft.selenium.Selenium_Maven.ActionsMouseOperations">
    <skipped/>
  </testcase> <!-- rightCLickMethod -->
  <testcase name="resizeMethod" classname="com.durgasoft.selenium.Selenium_Maven.ActionsMouseOperations">
    <skipped/>
  </testcase> <!-- resizeMethod -->
  <testcase name="dragNDrop" classname="com.durgasoft.selenium.Selenium_Maven.ActionsMouseOperations">
    <skipped/>
  </testcase> <!-- dragNDrop -->
  <testcase name="slider" classname="com.durgasoft.selenium.Selenium_Maven.ActionsMouseOperations">
    <skipped/>
  </testcase> <!-- slider -->
</testsuite> <!-- com.durgasoft.selenium.Selenium_Maven.ActionsMouseOperations -->
