<?xml version="1.0" encoding="UTF-8"?>
<!-- Generated by org.testng.reporters.JUnitReportReporter -->
<testsuite skipped="0" hostname="HEMA" name="com.durgasoft.selenium.Selenium_Maven.BrokenLInks" tests="1" failures="0" timestamp="25 Jun 2018 01:34:01 GMT" time="17.281" errors="0">
  <testcase name="brokenLinks" time="17.281" classname="com.durgasoft.selenium.Selenium_Maven.BrokenLInks"/>
</testsuite> <!-- com.durgasoft.selenium.Selenium_Maven.BrokenLInks -->
