<?xml version="1.0" encoding="UTF-8"?>
<!-- Generated by org.testng.reporters.JUnitReportReporter -->
<testsuite skipped="0" hostname="HEMA" name="com.durgasoft.selenium.Selenium_Maven.SelectAllChekBoxes" tests="1" failures="0" timestamp="28 Jun 2018 05:17:35 GMT" time="0.710" errors="0">
  <testcase name="f" time="0.710" classname="com.durgasoft.selenium.Selenium_Maven.SelectAllChekBoxes"/>
</testsuite> <!-- com.durgasoft.selenium.Selenium_Maven.SelectAllChekBoxes -->
