<?xml version="1.0" encoding="UTF-8"?>
<!-- Generated by org.testng.reporters.JUnitReportReporter -->
<testsuite skipped="4" hostname="HEMA" name="com.durgasoft.selenium.Selenium_Maven.NormalScreenShot" tests="5" failures="0" timestamp="06 Jul 2018 05:45:13 GMT" time="19.900" errors="0">
  <testcase name="failedScreenShot" time="19.900" classname="com.durgasoft.selenium.Selenium_Maven.NormalScreenShot"/>
  <testcase name="functionalScreenShot" classname="com.durgasoft.selenium.Selenium_Maven.NormalScreenShot">
    <skipped/>
  </testcase> <!-- functionalScreenShot -->
  <testcase name="blindScreenshot" classname="com.durgasoft.selenium.Selenium_Maven.NormalScreenShot">
    <skipped/>
  </testcase> <!-- blindScreenshot -->
  <testcase name="coinditionScreenshot" classname="com.durgasoft.selenium.Selenium_Maven.NormalScreenShot">
    <skipped/>
  </testcase> <!-- coinditionScreenshot -->
  <testcase name="datenTimeScreenshot" classname="com.durgasoft.selenium.Selenium_Maven.NormalScreenShot">
    <skipped/>
  </testcase> <!-- datenTimeScreenshot -->
</testsuite> <!-- com.durgasoft.selenium.Selenium_Maven.NormalScreenShot -->
